<?xml version="1.0" encoding="UTF-8"?>
<testsuite xmlns:xsi="http://www.w3.org/2001/XMLSchema-instance" xsi:noNamespaceSchemaLocation="https://maven.apache.org/surefire/maven-surefire-plugin/xsd/surefire-test-report.xsd" name="BookingTests" time="22.23" tests="7" errors="0" skipped="0" failures="0">
  <properties>
[...]
</properties>
  <testcase name="DeleteUser_UserExists_ReturnOK" classname="BookingTests" time="5.795"/>
  <testcase name="getAllBookingsByTotalPrice_returnOk" classname="BookingTests" time="4.804"/>
  <testcase name="HealthCheck" classname="BookingTests" time="0.885"/>
  <testcase name="getAllBookingsByUserFirstName_BookingExists_returnOk" classname="BookingTests" time="2.379"/>
  <testcase name="getAllBookingsById_returnOk" classname="BookingTests" time="1.057"/>
  <testcase name="CreateToken_returnOk" classname="BookingTests" time="1.797"/>
  <testcase name="CreateBooking_WithValidData_returnOk" classname="BookingTests" time="1.991"/>
</testsuite>